2/26/2023 7:46:48 PM : Starting Network Model Serivice...
2/26/2023 7:46:48 PM : Inserting entity with GID (0000000100000001).
2/26/2023 7:46:48 PM : Inserting entity with GID (0000000200000001).
2/26/2023 7:46:48 PM : Unknown property id = 1441151880758690051 for entity (GID = 0x0000000200000001).
2/26/2023 7:46:48 PM : Failed to insert entity (GID = 0x0000000200000001) into model. Unknown property id = 1441151880758690051 for entity (GID = 0x0000000200000001).
2/26/2023 7:46:48 PM : Error while applying delta (id = 1) during service initialization. Failed to insert entity (GID = 0x0000000200000001) into model. Unknown property id = 1441151880758690051 for entity (GID = 0x0000000200000001).
2/26/2023 7:46:48 PM : Inserting entity with GID (0000000100000002).
2/26/2023 7:46:48 PM : Inserting entity with GID (0000000200000002).
2/26/2023 7:46:48 PM : Unknown property id = 1441151880758690051 for entity (GID = 0x0000000200000002).
2/26/2023 7:46:48 PM : Failed to insert entity (GID = 0x0000000200000002) into model. Unknown property id = 1441151880758690051 for entity (GID = 0x0000000200000002).
2/26/2023 7:46:48 PM : Error while applying delta (id = 2) during service initialization. Failed to insert entity (GID = 0x0000000200000002) into model. Unknown property id = 1441151880758690051 for entity (GID = 0x0000000200000002).
2/26/2023 7:46:48 PM : Inserting entity with GID (0000000100000003).
2/26/2023 7:46:48 PM : Inserting entity with GID (0000000200000003).
2/26/2023 7:46:48 PM : Unknown property id = 1441151880758690051 for entity (GID = 0x0000000200000003).
2/26/2023 7:46:48 PM : Failed to insert entity (GID = 0x0000000200000003) into model. Unknown property id = 1441151880758690051 for entity (GID = 0x0000000200000003).
2/26/2023 7:46:48 PM : Error while applying delta (id = 3) during service initialization. Failed to insert entity (GID = 0x0000000200000003) into model. Unknown property id = 1441151880758690051 for entity (GID = 0x0000000200000003).
2/26/2023 7:46:48 PM : Inserting entity with GID (0000000100000004).
2/26/2023 7:46:48 PM : Inserting entity with GID (0000000200000004).
2/26/2023 7:46:48 PM : Unknown property id = 1441151880758690051 for entity (GID = 0x0000000200000004).
2/26/2023 7:46:48 PM : Failed to insert entity (GID = 0x0000000200000004) into model. Unknown property id = 1441151880758690051 for entity (GID = 0x0000000200000004).
2/26/2023 7:46:48 PM : Error while applying delta (id = 4) during service initialization. Failed to insert entity (GID = 0x0000000200000004) into model. Unknown property id = 1441151880758690051 for entity (GID = 0x0000000200000004).
2/26/2023 7:46:49 PM : Inserting entity with GID (0000000100000005).
2/26/2023 7:46:49 PM : Inserting entity with GID (0000000200000005).
2/26/2023 7:46:49 PM : Unknown property id = 1441151880758690051 for entity (GID = 0x0000000200000005).
2/26/2023 7:46:49 PM : Failed to insert entity (GID = 0x0000000200000005) into model. Unknown property id = 1441151880758690051 for entity (GID = 0x0000000200000005).
2/26/2023 7:46:49 PM : Error while applying delta (id = 5) during service initialization. Failed to insert entity (GID = 0x0000000200000005) into model. Unknown property id = 1441151880758690051 for entity (GID = 0x0000000200000005).
2/26/2023 7:46:49 PM : Inserting entity with GID (0000000100000006).
2/26/2023 7:46:49 PM : Inserting entity with GID (0000000100000007).
2/26/2023 7:46:49 PM : Inserting entity with GID (0000000200000006).
2/26/2023 7:46:49 PM : Unknown property id = 1441151880758690051 for entity (GID = 0x0000000200000006).
2/26/2023 7:46:49 PM : Failed to insert entity (GID = 0x0000000200000006) into model. Unknown property id = 1441151880758690051 for entity (GID = 0x0000000200000006).
2/26/2023 7:46:49 PM : Error while applying delta (id = 6) during service initialization. Failed to insert entity (GID = 0x0000000200000006) into model. Unknown property id = 1441151880758690051 for entity (GID = 0x0000000200000006).
2/26/2023 7:46:49 PM : Inserting entity with GID (0000000100000008).
2/26/2023 7:46:49 PM : Inserting entity with GID (0000000100000009).
2/26/2023 7:46:49 PM : Inserting entity with GID (0000000200000008).
2/26/2023 7:46:49 PM : Unknown property id = 1441151880758690051 for entity (GID = 0x0000000200000008).
2/26/2023 7:46:49 PM : Failed to insert entity (GID = 0x0000000200000008) into model. Unknown property id = 1441151880758690051 for entity (GID = 0x0000000200000008).
2/26/2023 7:46:49 PM : Error while applying delta (id = 7) during service initialization. Failed to insert entity (GID = 0x0000000200000008) into model. Unknown property id = 1441151880758690051 for entity (GID = 0x0000000200000008).
2/26/2023 7:46:49 PM : The WCF service GenericDataAccess is ready.
2/26/2023 7:46:49 PM : Endpoints:
2/26/2023 7:46:49 PM : net.tcp://localhost:10000/NetworkModelService/GDA/
2/26/2023 7:46:49 PM : Connection string: ../NetworkModelData.data
2/26/2023 7:46:49 PM : Trace level: Info
2/26/2023 7:46:49 PM : The Network Model Service is started.
2/26/2023 7:46:49 PM : Press <Enter> to stop the service.
2/26/2023 7:47:23 PM : Starting Network Model Serivice...
2/26/2023 7:47:24 PM : Inserting entity with GID (0000000100000001).
2/26/2023 7:47:24 PM : Inserting entity with GID (0000000200000001).
2/26/2023 7:47:24 PM : Unknown property id = 1441151880758690051 for entity (GID = 0x0000000200000001).
2/26/2023 7:47:24 PM : Failed to insert entity (GID = 0x0000000200000001) into model. Unknown property id = 1441151880758690051 for entity (GID = 0x0000000200000001).
2/26/2023 7:47:24 PM : Error while applying delta (id = 1) during service initialization. Failed to insert entity (GID = 0x0000000200000001) into model. Unknown property id = 1441151880758690051 for entity (GID = 0x0000000200000001).
2/26/2023 7:47:24 PM : Inserting entity with GID (0000000100000002).
2/26/2023 7:47:24 PM : Inserting entity with GID (0000000200000002).
2/26/2023 7:47:24 PM : Unknown property id = 1441151880758690051 for entity (GID = 0x0000000200000002).
2/26/2023 7:47:24 PM : Failed to insert entity (GID = 0x0000000200000002) into model. Unknown property id = 1441151880758690051 for entity (GID = 0x0000000200000002).
2/26/2023 7:47:24 PM : Error while applying delta (id = 2) during service initialization. Failed to insert entity (GID = 0x0000000200000002) into model. Unknown property id = 1441151880758690051 for entity (GID = 0x0000000200000002).
2/26/2023 7:47:24 PM : Inserting entity with GID (0000000100000003).
2/26/2023 7:47:24 PM : Inserting entity with GID (0000000200000003).
2/26/2023 7:47:24 PM : Unknown property id = 1441151880758690051 for entity (GID = 0x0000000200000003).
2/26/2023 7:47:24 PM : Failed to insert entity (GID = 0x0000000200000003) into model. Unknown property id = 1441151880758690051 for entity (GID = 0x0000000200000003).
2/26/2023 7:47:24 PM : Error while applying delta (id = 3) during service initialization. Failed to insert entity (GID = 0x0000000200000003) into model. Unknown property id = 1441151880758690051 for entity (GID = 0x0000000200000003).
2/26/2023 7:47:24 PM : Inserting entity with GID (0000000100000004).
2/26/2023 7:47:24 PM : Inserting entity with GID (0000000200000004).
2/26/2023 7:47:24 PM : Unknown property id = 1441151880758690051 for entity (GID = 0x0000000200000004).
2/26/2023 7:47:24 PM : Failed to insert entity (GID = 0x0000000200000004) into model. Unknown property id = 1441151880758690051 for entity (GID = 0x0000000200000004).
2/26/2023 7:47:24 PM : Error while applying delta (id = 4) during service initialization. Failed to insert entity (GID = 0x0000000200000004) into model. Unknown property id = 1441151880758690051 for entity (GID = 0x0000000200000004).
2/26/2023 7:47:24 PM : Inserting entity with GID (0000000100000005).
2/26/2023 7:47:24 PM : Inserting entity with GID (0000000200000005).
2/26/2023 7:47:24 PM : Unknown property id = 1441151880758690051 for entity (GID = 0x0000000200000005).
2/26/2023 7:47:24 PM : Failed to insert entity (GID = 0x0000000200000005) into model. Unknown property id = 1441151880758690051 for entity (GID = 0x0000000200000005).
2/26/2023 7:47:24 PM : Error while applying delta (id = 5) during service initialization. Failed to insert entity (GID = 0x0000000200000005) into model. Unknown property id = 1441151880758690051 for entity (GID = 0x0000000200000005).
2/26/2023 7:47:24 PM : Inserting entity with GID (0000000100000006).
2/26/2023 7:47:24 PM : Inserting entity with GID (0000000100000007).
2/26/2023 7:47:24 PM : Inserting entity with GID (0000000200000006).
2/26/2023 7:47:24 PM : Unknown property id = 1441151880758690051 for entity (GID = 0x0000000200000006).
2/26/2023 7:47:24 PM : Failed to insert entity (GID = 0x0000000200000006) into model. Unknown property id = 1441151880758690051 for entity (GID = 0x0000000200000006).
2/26/2023 7:47:24 PM : Error while applying delta (id = 6) during service initialization. Failed to insert entity (GID = 0x0000000200000006) into model. Unknown property id = 1441151880758690051 for entity (GID = 0x0000000200000006).
2/26/2023 7:47:24 PM : Inserting entity with GID (0000000100000008).
2/26/2023 7:47:24 PM : Inserting entity with GID (0000000100000009).
2/26/2023 7:47:24 PM : Inserting entity with GID (0000000200000008).
2/26/2023 7:47:24 PM : Unknown property id = 1441151880758690051 for entity (GID = 0x0000000200000008).
2/26/2023 7:47:24 PM : Failed to insert entity (GID = 0x0000000200000008) into model. Unknown property id = 1441151880758690051 for entity (GID = 0x0000000200000008).
2/26/2023 7:47:24 PM : Error while applying delta (id = 7) during service initialization. Failed to insert entity (GID = 0x0000000200000008) into model. Unknown property id = 1441151880758690051 for entity (GID = 0x0000000200000008).
2/26/2023 7:47:25 PM : The WCF service GenericDataAccess is ready.
2/26/2023 7:47:25 PM : Endpoints:
2/26/2023 7:47:25 PM : net.tcp://localhost:10000/NetworkModelService/GDA/
2/26/2023 7:47:25 PM : Connection string: ../NetworkModelData.data
2/26/2023 7:47:25 PM : Trace level: Info
2/26/2023 7:47:25 PM : The Network Model Service is started.
2/26/2023 7:47:25 PM : Press <Enter> to stop the service.
2/26/2023 7:49:52 PM : Starting Network Model Serivice...
2/26/2023 7:49:52 PM : Inserting entity with GID (0000000100000001).
2/26/2023 7:49:52 PM : Inserting entity with GID (0000000200000001).
2/26/2023 7:49:52 PM : Unknown property id = 1441151880758690051 for entity (GID = 0x0000000200000001).
2/26/2023 7:49:52 PM : Failed to insert entity (GID = 0x0000000200000001) into model. Unknown property id = 1441151880758690051 for entity (GID = 0x0000000200000001).
2/26/2023 7:49:52 PM : Error while applying delta (id = 1) during service initialization. Failed to insert entity (GID = 0x0000000200000001) into model. Unknown property id = 1441151880758690051 for entity (GID = 0x0000000200000001).
2/26/2023 7:49:52 PM : Inserting entity with GID (0000000100000002).
2/26/2023 7:49:52 PM : Inserting entity with GID (0000000200000002).
2/26/2023 7:49:52 PM : Unknown property id = 1441151880758690051 for entity (GID = 0x0000000200000002).
2/26/2023 7:49:52 PM : Failed to insert entity (GID = 0x0000000200000002) into model. Unknown property id = 1441151880758690051 for entity (GID = 0x0000000200000002).
2/26/2023 7:49:52 PM : Error while applying delta (id = 2) during service initialization. Failed to insert entity (GID = 0x0000000200000002) into model. Unknown property id = 1441151880758690051 for entity (GID = 0x0000000200000002).
2/26/2023 7:49:52 PM : Inserting entity with GID (0000000100000003).
2/26/2023 7:49:52 PM : Inserting entity with GID (0000000200000003).
2/26/2023 7:49:52 PM : Unknown property id = 1441151880758690051 for entity (GID = 0x0000000200000003).
2/26/2023 7:49:52 PM : Failed to insert entity (GID = 0x0000000200000003) into model. Unknown property id = 1441151880758690051 for entity (GID = 0x0000000200000003).
2/26/2023 7:49:52 PM : Error while applying delta (id = 3) during service initialization. Failed to insert entity (GID = 0x0000000200000003) into model. Unknown property id = 1441151880758690051 for entity (GID = 0x0000000200000003).
2/26/2023 7:49:52 PM : Inserting entity with GID (0000000100000004).
2/26/2023 7:49:52 PM : Inserting entity with GID (0000000200000004).
2/26/2023 7:49:52 PM : Unknown property id = 1441151880758690051 for entity (GID = 0x0000000200000004).
2/26/2023 7:49:52 PM : Failed to insert entity (GID = 0x0000000200000004) into model. Unknown property id = 1441151880758690051 for entity (GID = 0x0000000200000004).
2/26/2023 7:49:52 PM : Error while applying delta (id = 4) during service initialization. Failed to insert entity (GID = 0x0000000200000004) into model. Unknown property id = 1441151880758690051 for entity (GID = 0x0000000200000004).
2/26/2023 7:49:52 PM : Inserting entity with GID (0000000100000005).
2/26/2023 7:49:52 PM : Inserting entity with GID (0000000200000005).
2/26/2023 7:49:52 PM : Unknown property id = 1441151880758690051 for entity (GID = 0x0000000200000005).
2/26/2023 7:49:52 PM : Failed to insert entity (GID = 0x0000000200000005) into model. Unknown property id = 1441151880758690051 for entity (GID = 0x0000000200000005).
2/26/2023 7:49:52 PM : Error while applying delta (id = 5) during service initialization. Failed to insert entity (GID = 0x0000000200000005) into model. Unknown property id = 1441151880758690051 for entity (GID = 0x0000000200000005).
2/26/2023 7:49:52 PM : Inserting entity with GID (0000000100000006).
2/26/2023 7:49:52 PM : Inserting entity with GID (0000000100000007).
2/26/2023 7:49:52 PM : Inserting entity with GID (0000000200000006).
2/26/2023 7:49:52 PM : Unknown property id = 1441151880758690051 for entity (GID = 0x0000000200000006).
2/26/2023 7:49:52 PM : Failed to insert entity (GID = 0x0000000200000006) into model. Unknown property id = 1441151880758690051 for entity (GID = 0x0000000200000006).
2/26/2023 7:49:52 PM : Error while applying delta (id = 6) during service initialization. Failed to insert entity (GID = 0x0000000200000006) into model. Unknown property id = 1441151880758690051 for entity (GID = 0x0000000200000006).
2/26/2023 7:49:52 PM : Inserting entity with GID (0000000100000008).
2/26/2023 7:49:52 PM : Inserting entity with GID (0000000100000009).
2/26/2023 7:49:52 PM : Inserting entity with GID (0000000200000008).
2/26/2023 7:49:52 PM : Unknown property id = 1441151880758690051 for entity (GID = 0x0000000200000008).
2/26/2023 7:49:52 PM : Failed to insert entity (GID = 0x0000000200000008) into model. Unknown property id = 1441151880758690051 for entity (GID = 0x0000000200000008).
2/26/2023 7:49:52 PM : Error while applying delta (id = 7) during service initialization. Failed to insert entity (GID = 0x0000000200000008) into model. Unknown property id = 1441151880758690051 for entity (GID = 0x0000000200000008).
2/26/2023 7:49:53 PM : The WCF service GenericDataAccess is ready.
2/26/2023 7:49:53 PM : Endpoints:
2/26/2023 7:49:53 PM : net.tcp://localhost:10000/NetworkModelService/GDA/
2/26/2023 7:49:53 PM : Connection string: ../NetworkModelData.data
2/26/2023 7:49:53 PM : Trace level: Info
2/26/2023 7:49:53 PM : The Network Model Service is started.
2/26/2023 7:49:53 PM : Press <Enter> to stop the service.
2/26/2023 7:50:14 PM : Applying  delta to network model.
2/26/2023 7:50:14 PM : Inserting entity with GID (000000010000000a).
2/26/2023 7:50:14 PM : Inserting entity with GID (000000010000000b).
2/26/2023 7:50:14 PM : Inserting entity with GID (0000000200000008).
2/26/2023 7:50:14 PM : Failed to insert entity because entity with specified GID (0000000200000008) already exists in network model.
2/26/2023 7:50:14 PM : Applying delta to network model failed. Failed to insert entity because entity with specified GID (0000000200000008) already exists in network model..
3/4/2023 2:08:09 PM : Starting Network Model Serivice...
3/4/2023 2:08:10 PM : The WCF service GenericDataAccess is ready.
3/4/2023 2:08:10 PM : Endpoints:
3/4/2023 2:08:10 PM : net.tcp://localhost:10000/NetworkModelService/GDA/
3/4/2023 2:08:10 PM : Connection string: ../NetworkModelData.data
3/4/2023 2:08:10 PM : Trace level: Info
3/4/2023 2:08:10 PM : The Network Model Service is started.
3/4/2023 2:08:10 PM : Press <Enter> to stop the service.
3/4/2023 2:08:38 PM : Applying  delta to network model.
3/4/2023 2:08:38 PM : Inserting entity with GID (0000000100000001).
3/4/2023 2:08:38 PM : Inserting entity with GID (0000000100000002).
3/4/2023 2:08:38 PM : Inserting entity with GID (0000000200000001).
3/4/2023 2:08:38 PM : Inserting entity with GID (0000000200000002).
3/4/2023 2:08:38 PM : Inserting entity with GID (0000000300000001).
3/4/2023 2:08:38 PM : Inserting entity with GID (0000000400000001).
3/4/2023 2:08:38 PM : Inserting entity with GID (0000000500000001).
3/4/2023 2:08:38 PM : Inserting entity with GID (0000000600000001).
3/4/2023 2:08:38 PM : Applying delta to network model successfully finished.
3/5/2023 10:49:04 PM : Starting Network Model Serivice...
3/5/2023 10:49:04 PM : Inserting entity with GID (0000000100000001).
3/5/2023 10:49:04 PM : Inserting entity with GID (0000000100000002).
3/5/2023 10:49:04 PM : Inserting entity with GID (0000000200000001).
3/5/2023 10:49:04 PM : Inserting entity with GID (0000000200000002).
3/5/2023 10:49:04 PM : Inserting entity with GID (0000000300000001).
3/5/2023 10:49:04 PM : Inserting entity with GID (0000000400000001).
3/5/2023 10:49:04 PM : Inserting entity with GID (0000000500000001).
3/5/2023 10:49:04 PM : Inserting entity with GID (0000000600000001).
3/5/2023 10:49:05 PM : The WCF service GenericDataAccess is ready.
3/5/2023 10:49:05 PM : Endpoints:
3/5/2023 10:49:05 PM : net.tcp://localhost:10000/NetworkModelService/GDA/
3/5/2023 10:49:05 PM : Connection string: ../NetworkModelData.data
3/5/2023 10:49:05 PM : Trace level: Info
3/5/2023 10:49:05 PM : The Network Model Service is started.
3/5/2023 10:49:05 PM : Press <Enter> to stop the service.
3/7/2023 6:35:46 PM : Starting Network Model Serivice...
3/7/2023 6:35:46 PM : Inserting entity with GID (0000000100000001).
3/7/2023 6:35:46 PM : Inserting entity with GID (0000000100000002).
3/7/2023 6:35:46 PM : Inserting entity with GID (0000000200000001).
3/7/2023 6:35:46 PM : Inserting entity with GID (0000000200000002).
3/7/2023 6:35:46 PM : Inserting entity with GID (0000000300000001).
3/7/2023 6:35:46 PM : Inserting entity with GID (0000000400000001).
3/7/2023 6:35:46 PM : Inserting entity with GID (0000000500000001).
3/7/2023 6:35:46 PM : Inserting entity with GID (0000000600000001).
3/7/2023 6:35:46 PM : The WCF service GenericDataAccess is ready.
3/7/2023 6:35:46 PM : Endpoints:
3/7/2023 6:35:46 PM : net.tcp://localhost:10000/NetworkModelService/GDA/
3/7/2023 6:35:46 PM : Connection string: ../NetworkModelData.data
3/7/2023 6:35:46 PM : Trace level: Info
3/7/2023 6:35:46 PM : The Network Model Service is started.
3/7/2023 6:35:46 PM : Press <Enter> to stop the service.
3/7/2023 6:35:51 PM : Applying  delta to network model.
3/7/2023 6:35:51 PM : Inserting entity with GID (0000000100000003).
3/7/2023 6:35:51 PM : Inserting entity with GID (0000000100000004).
3/7/2023 6:35:51 PM : Inserting entity with GID (0000000200000003).
3/7/2023 6:35:51 PM : Inserting entity with GID (0000000200000004).
3/7/2023 6:35:51 PM : Inserting entity with GID (0000000300000002).
3/7/2023 6:35:51 PM : Inserting entity with GID (0000000400000002).
3/7/2023 6:35:51 PM : Inserting entity with GID (0000000500000002).
3/7/2023 6:35:51 PM : Inserting entity with GID (0000000600000002).
3/7/2023 6:35:51 PM : Applying delta to network model successfully finished.
8/3/2024 6:13:45 PM : Starting Network Model Serivice...
8/3/2024 6:13:45 PM : Inserting entity with GID (0000000100000001).
8/3/2024 6:13:45 PM : Inserting entity with GID (0000000100000002).
8/3/2024 6:13:45 PM : Inserting entity with GID (0000000200000001).
8/3/2024 6:13:45 PM : Inserting entity with GID (0000000200000002).
8/3/2024 6:13:45 PM : Inserting entity with GID (0000000300000001).
8/3/2024 6:13:45 PM : Inserting entity with GID (0000000400000001).
8/3/2024 6:13:45 PM : Inserting entity with GID (0000000500000001).
8/3/2024 6:13:45 PM : Inserting entity with GID (0000000600000001).
8/3/2024 6:13:45 PM : Inserting entity with GID (0000000100000003).
8/3/2024 6:13:45 PM : Inserting entity with GID (0000000100000004).
8/3/2024 6:13:45 PM : Inserting entity with GID (0000000200000003).
8/3/2024 6:13:45 PM : Inserting entity with GID (0000000200000004).
8/3/2024 6:13:45 PM : Inserting entity with GID (0000000300000002).
8/3/2024 6:13:45 PM : Inserting entity with GID (0000000400000002).
8/3/2024 6:13:45 PM : Inserting entity with GID (0000000500000002).
8/3/2024 6:13:45 PM : Inserting entity with GID (0000000600000002).
8/3/2024 6:13:45 PM : The WCF service GenericDataAccess is ready.
8/3/2024 6:13:45 PM : Endpoints:
8/3/2024 6:13:45 PM : net.tcp://localhost:10000/NetworkModelService/GDA/
8/3/2024 6:13:45 PM : Connection string: ../NetworkModelData.data
8/3/2024 6:13:45 PM : Trace level: Info
8/3/2024 6:13:45 PM : The Network Model Service is started.
8/3/2024 6:13:45 PM : Press <Enter> to stop the service.
8/18/2024 10:06:46 AM : Starting Network Model Serivice...
8/18/2024 10:06:47 AM : Inserting entity with GID (0000000100000001).
8/18/2024 10:06:47 AM : Inserting entity with GID (0000000100000002).
8/18/2024 10:06:47 AM : Inserting entity with GID (0000000200000001).
8/18/2024 10:06:47 AM : Inserting entity with GID (0000000200000002).
8/18/2024 10:06:47 AM : Inserting entity with GID (0000000300000001).
8/18/2024 10:06:47 AM : Inserting entity with GID (0000000400000001).
8/18/2024 10:06:47 AM : Inserting entity with GID (0000000500000001).
8/18/2024 10:06:47 AM : Inserting entity with GID (0000000600000001).
8/18/2024 10:06:47 AM : Inserting entity with GID (0000000100000003).
8/18/2024 10:06:47 AM : Inserting entity with GID (0000000100000004).
8/18/2024 10:06:47 AM : Inserting entity with GID (0000000200000003).
8/18/2024 10:06:47 AM : Inserting entity with GID (0000000200000004).
8/18/2024 10:06:47 AM : Inserting entity with GID (0000000300000002).
8/18/2024 10:06:47 AM : Inserting entity with GID (0000000400000002).
8/18/2024 10:06:47 AM : Inserting entity with GID (0000000500000002).
8/18/2024 10:06:47 AM : Inserting entity with GID (0000000600000002).
8/18/2024 10:06:47 AM : The WCF service GenericDataAccess is ready.
8/18/2024 10:06:47 AM : Endpoints:
8/18/2024 10:06:47 AM : net.tcp://localhost:10000/NetworkModelService/GDA/
8/18/2024 10:06:47 AM : Connection string: ../NetworkModelData.data
8/18/2024 10:06:47 AM : Trace level: Info
8/18/2024 10:06:47 AM : The Network Model Service is started.
8/18/2024 10:06:47 AM : Press <Enter> to stop the service.
8/18/2024 10:09:39 AM : Starting Network Model Serivice...
8/18/2024 10:09:39 AM : Inserting entity with GID (0000000100000001).
8/18/2024 10:09:39 AM : Inserting entity with GID (0000000100000002).
8/18/2024 10:09:39 AM : Inserting entity with GID (0000000200000001).
8/18/2024 10:09:39 AM : Inserting entity with GID (0000000200000002).
8/18/2024 10:09:39 AM : Inserting entity with GID (0000000300000001).
8/18/2024 10:09:39 AM : Inserting entity with GID (0000000400000001).
8/18/2024 10:09:39 AM : Inserting entity with GID (0000000500000001).
8/18/2024 10:09:39 AM : Inserting entity with GID (0000000600000001).
8/18/2024 10:09:39 AM : Inserting entity with GID (0000000100000003).
8/18/2024 10:09:39 AM : Inserting entity with GID (0000000100000004).
8/18/2024 10:09:39 AM : Inserting entity with GID (0000000200000003).
8/18/2024 10:09:39 AM : Inserting entity with GID (0000000200000004).
8/18/2024 10:09:39 AM : Inserting entity with GID (0000000300000002).
8/18/2024 10:09:39 AM : Inserting entity with GID (0000000400000002).
8/18/2024 10:09:39 AM : Inserting entity with GID (0000000500000002).
8/18/2024 10:09:39 AM : Inserting entity with GID (0000000600000002).
8/18/2024 10:09:39 AM : The WCF service GenericDataAccess is ready.
8/18/2024 10:09:40 AM : Endpoints:
8/18/2024 10:09:40 AM : net.tcp://localhost:10000/NetworkModelService/GDA/
8/18/2024 10:09:40 AM : Connection string: ../NetworkModelData.data
8/18/2024 10:09:40 AM : Trace level: Info
8/18/2024 10:09:40 AM : The Network Model Service is started.
8/18/2024 10:09:40 AM : Press <Enter> to stop the service.
8/18/2024 10:11:56 AM : Starting Network Model Serivice...
8/18/2024 10:11:57 AM : Inserting entity with GID (0000000100000001).
8/18/2024 10:11:57 AM : Inserting entity with GID (0000000100000002).
8/18/2024 10:11:57 AM : Inserting entity with GID (0000000200000001).
8/18/2024 10:11:57 AM : Inserting entity with GID (0000000200000002).
8/18/2024 10:11:57 AM : Inserting entity with GID (0000000300000001).
8/18/2024 10:11:57 AM : Inserting entity with GID (0000000400000001).
8/18/2024 10:11:57 AM : Inserting entity with GID (0000000500000001).
8/18/2024 10:11:57 AM : Inserting entity with GID (0000000600000001).
8/18/2024 10:11:57 AM : Inserting entity with GID (0000000100000003).
8/18/2024 10:11:57 AM : Inserting entity with GID (0000000100000004).
8/18/2024 10:11:57 AM : Inserting entity with GID (0000000200000003).
8/18/2024 10:11:57 AM : Inserting entity with GID (0000000200000004).
8/18/2024 10:11:57 AM : Inserting entity with GID (0000000300000002).
8/18/2024 10:11:57 AM : Inserting entity with GID (0000000400000002).
8/18/2024 10:11:57 AM : Inserting entity with GID (0000000500000002).
8/18/2024 10:11:57 AM : Inserting entity with GID (0000000600000002).
8/18/2024 10:11:57 AM : The WCF service GenericDataAccess is ready.
8/18/2024 10:11:57 AM : Endpoints:
8/18/2024 10:11:57 AM : net.tcp://localhost:10000/NetworkModelService/GDA/
8/18/2024 10:11:57 AM : Connection string: ../NetworkModelData.data
8/18/2024 10:11:57 AM : Trace level: Info
8/18/2024 10:11:57 AM : The Network Model Service is started.
8/18/2024 10:11:57 AM : Press <Enter> to stop the service.
8/18/2024 3:41:18 PM : Starting Network Model Serivice...
8/18/2024 3:41:19 PM : Inserting entity with GID (0000000100000001).
8/18/2024 3:41:19 PM : Inserting entity with GID (0000000100000002).
8/18/2024 3:41:19 PM : Inserting entity with GID (0000000200000001).
8/18/2024 3:41:19 PM : Inserting entity with GID (0000000200000002).
8/18/2024 3:41:19 PM : Inserting entity with GID (0000000300000001).
8/18/2024 3:41:19 PM : Inserting entity with GID (0000000400000001).
8/18/2024 3:41:19 PM : Inserting entity with GID (0000000500000001).
8/18/2024 3:41:19 PM : Inserting entity with GID (0000000600000001).
8/18/2024 3:41:19 PM : Inserting entity with GID (0000000100000003).
8/18/2024 3:41:19 PM : Inserting entity with GID (0000000100000004).
8/18/2024 3:41:19 PM : Inserting entity with GID (0000000200000003).
8/18/2024 3:41:19 PM : Inserting entity with GID (0000000200000004).
8/18/2024 3:41:19 PM : Inserting entity with GID (0000000300000002).
8/18/2024 3:41:19 PM : Inserting entity with GID (0000000400000002).
8/18/2024 3:41:19 PM : Inserting entity with GID (0000000500000002).
8/18/2024 3:41:19 PM : Inserting entity with GID (0000000600000002).
8/18/2024 3:41:19 PM : The WCF service GenericDataAccess is ready.
8/18/2024 3:41:19 PM : Endpoints:
8/18/2024 3:41:19 PM : net.tcp://localhost:10000/NetworkModelService/GDA/
8/18/2024 3:41:19 PM : Connection string: ../NetworkModelData.data
8/18/2024 3:41:19 PM : Trace level: Info
8/18/2024 3:41:19 PM : The Network Model Service is started.
8/18/2024 3:41:19 PM : Press <Enter> to stop the service.
8/18/2024 3:44:50 PM : Applying  delta to network model.
8/18/2024 3:44:50 PM : Inserting entity with GID (0000000100000005).
8/18/2024 3:44:50 PM : Inserting entity with GID (0000000100000006).
8/18/2024 3:44:50 PM : Inserting entity with GID (0000000200000005).
8/18/2024 3:44:50 PM : Inserting entity with GID (0000000200000006).
8/18/2024 3:44:50 PM : Inserting entity with GID (0000000300000003).
8/18/2024 3:44:50 PM : Inserting entity with GID (0000000400000003).
8/18/2024 3:44:50 PM : Inserting entity with GID (0000000500000003).
8/18/2024 3:44:50 PM : Inserting entity with GID (0000000600000003).
8/18/2024 3:44:50 PM : Applying delta to network model successfully finished.
8/18/2024 3:47:19 PM : Starting Network Model Serivice...
8/18/2024 3:47:19 PM : Inserting entity with GID (0000000100000001).
8/18/2024 3:47:19 PM : Inserting entity with GID (0000000100000002).
8/18/2024 3:47:19 PM : Inserting entity with GID (0000000200000001).
8/18/2024 3:47:19 PM : Inserting entity with GID (0000000200000002).
8/18/2024 3:47:19 PM : Inserting entity with GID (0000000300000001).
8/18/2024 3:47:19 PM : Inserting entity with GID (0000000400000001).
8/18/2024 3:47:19 PM : Inserting entity with GID (0000000500000001).
8/18/2024 3:47:19 PM : Inserting entity with GID (0000000600000001).
8/18/2024 3:47:19 PM : Inserting entity with GID (0000000100000003).
8/18/2024 3:47:19 PM : Inserting entity with GID (0000000100000004).
8/18/2024 3:47:19 PM : Inserting entity with GID (0000000200000003).
8/18/2024 3:47:19 PM : Inserting entity with GID (0000000200000004).
8/18/2024 3:47:19 PM : Inserting entity with GID (0000000300000002).
8/18/2024 3:47:19 PM : Inserting entity with GID (0000000400000002).
8/18/2024 3:47:19 PM : Inserting entity with GID (0000000500000002).
8/18/2024 3:47:19 PM : Inserting entity with GID (0000000600000002).
8/18/2024 3:47:19 PM : Inserting entity with GID (0000000100000005).
8/18/2024 3:47:19 PM : Inserting entity with GID (0000000100000006).
8/18/2024 3:47:19 PM : Inserting entity with GID (0000000200000005).
8/18/2024 3:47:19 PM : Inserting entity with GID (0000000200000006).
8/18/2024 3:47:19 PM : Inserting entity with GID (0000000300000003).
8/18/2024 3:47:19 PM : Inserting entity with GID (0000000400000003).
8/18/2024 3:47:19 PM : Inserting entity with GID (0000000500000003).
8/18/2024 3:47:19 PM : Inserting entity with GID (0000000600000003).
8/18/2024 3:47:19 PM : The WCF service GenericDataAccess is ready.
8/18/2024 3:47:19 PM : Endpoints:
8/18/2024 3:47:19 PM : net.tcp://localhost:10000/NetworkModelService/GDA/
8/18/2024 3:47:19 PM : Connection string: ../NetworkModelData.data
8/18/2024 3:47:19 PM : Trace level: Info
8/18/2024 3:47:19 PM : The Network Model Service is started.
8/18/2024 3:47:19 PM : Press <Enter> to stop the service.
8/18/2024 3:49:43 PM : Starting Network Model Serivice...
8/18/2024 3:49:43 PM : Inserting entity with GID (0000000100000001).
8/18/2024 3:49:43 PM : Inserting entity with GID (0000000100000002).
8/18/2024 3:49:43 PM : Inserting entity with GID (0000000200000001).
8/18/2024 3:49:43 PM : Inserting entity with GID (0000000200000002).
8/18/2024 3:49:43 PM : Inserting entity with GID (0000000300000001).
8/18/2024 3:49:43 PM : Inserting entity with GID (0000000400000001).
8/18/2024 3:49:43 PM : Inserting entity with GID (0000000500000001).
8/18/2024 3:49:43 PM : Inserting entity with GID (0000000600000001).
8/18/2024 3:49:43 PM : Inserting entity with GID (0000000100000003).
8/18/2024 3:49:43 PM : Inserting entity with GID (0000000100000004).
8/18/2024 3:49:43 PM : Inserting entity with GID (0000000200000003).
8/18/2024 3:49:43 PM : Inserting entity with GID (0000000200000004).
8/18/2024 3:49:43 PM : Inserting entity with GID (0000000300000002).
8/18/2024 3:49:43 PM : Inserting entity with GID (0000000400000002).
8/18/2024 3:49:43 PM : Inserting entity with GID (0000000500000002).
8/18/2024 3:49:43 PM : Inserting entity with GID (0000000600000002).
8/18/2024 3:49:43 PM : Inserting entity with GID (0000000100000005).
8/18/2024 3:49:43 PM : Inserting entity with GID (0000000100000006).
8/18/2024 3:49:43 PM : Inserting entity with GID (0000000200000005).
8/18/2024 3:49:43 PM : Inserting entity with GID (0000000200000006).
8/18/2024 3:49:43 PM : Inserting entity with GID (0000000300000003).
8/18/2024 3:49:43 PM : Inserting entity with GID (0000000400000003).
8/18/2024 3:49:43 PM : Inserting entity with GID (0000000500000003).
8/18/2024 3:49:43 PM : Inserting entity with GID (0000000600000003).
8/18/2024 3:49:43 PM : The WCF service GenericDataAccess is ready.
8/18/2024 3:49:43 PM : Endpoints:
8/18/2024 3:49:43 PM : net.tcp://localhost:10000/NetworkModelService/GDA/
8/18/2024 3:49:43 PM : Connection string: ../NetworkModelData.data
8/18/2024 3:49:43 PM : Trace level: Info
8/18/2024 3:49:43 PM : The Network Model Service is started.
8/18/2024 3:49:43 PM : Press <Enter> to stop the service.
8/18/2024 3:49:48 PM : Applying  delta to network model.
8/18/2024 3:49:48 PM : Inserting entity with GID (0000000100000007).
8/18/2024 3:49:48 PM : Inserting entity with GID (0000000200000007).
8/18/2024 3:49:48 PM : Inserting entity with GID (0000000300000004).
8/18/2024 3:49:48 PM : Inserting entity with GID (0000000400000004).
8/18/2024 3:49:48 PM : Inserting entity with GID (0000000500000004).
8/18/2024 3:49:48 PM : Inserting entity with GID (0000000600000004).
8/18/2024 3:49:48 PM : Applying delta to network model successfully finished.
8/18/2024 3:50:06 PM : Starting Network Model Serivice...
8/18/2024 3:50:06 PM : Inserting entity with GID (0000000100000001).
8/18/2024 3:50:06 PM : Inserting entity with GID (0000000100000002).
8/18/2024 3:50:06 PM : Inserting entity with GID (0000000200000001).
8/18/2024 3:50:06 PM : Inserting entity with GID (0000000200000002).
8/18/2024 3:50:06 PM : Inserting entity with GID (0000000300000001).
8/18/2024 3:50:06 PM : Inserting entity with GID (0000000400000001).
8/18/2024 3:50:06 PM : Inserting entity with GID (0000000500000001).
8/18/2024 3:50:06 PM : Inserting entity with GID (0000000600000001).
8/18/2024 3:50:06 PM : Inserting entity with GID (0000000100000003).
8/18/2024 3:50:06 PM : Inserting entity with GID (0000000100000004).
8/18/2024 3:50:06 PM : Inserting entity with GID (0000000200000003).
8/18/2024 3:50:06 PM : Inserting entity with GID (0000000200000004).
8/18/2024 3:50:06 PM : Inserting entity with GID (0000000300000002).
8/18/2024 3:50:06 PM : Inserting entity with GID (0000000400000002).
8/18/2024 3:50:06 PM : Inserting entity with GID (0000000500000002).
8/18/2024 3:50:06 PM : Inserting entity with GID (0000000600000002).
8/18/2024 3:50:06 PM : Inserting entity with GID (0000000100000005).
8/18/2024 3:50:06 PM : Inserting entity with GID (0000000100000006).
8/18/2024 3:50:06 PM : Inserting entity with GID (0000000200000005).
8/18/2024 3:50:06 PM : Inserting entity with GID (0000000200000006).
8/18/2024 3:50:06 PM : Inserting entity with GID (0000000300000003).
8/18/2024 3:50:06 PM : Inserting entity with GID (0000000400000003).
8/18/2024 3:50:06 PM : Inserting entity with GID (0000000500000003).
8/18/2024 3:50:06 PM : Inserting entity with GID (0000000600000003).
8/18/2024 3:50:06 PM : Inserting entity with GID (0000000100000007).
8/18/2024 3:50:06 PM : Inserting entity with GID (0000000200000007).
8/18/2024 3:50:06 PM : Inserting entity with GID (0000000300000004).
8/18/2024 3:50:06 PM : Inserting entity with GID (0000000400000004).
8/18/2024 3:50:06 PM : Inserting entity with GID (0000000500000004).
8/18/2024 3:50:06 PM : Inserting entity with GID (0000000600000004).
8/18/2024 3:50:07 PM : The WCF service GenericDataAccess is ready.
8/18/2024 3:50:07 PM : Endpoints:
8/18/2024 3:50:07 PM : net.tcp://localhost:10000/NetworkModelService/GDA/
8/18/2024 3:50:07 PM : Connection string: ../NetworkModelData.data
8/18/2024 3:50:07 PM : Trace level: Info
8/18/2024 3:50:07 PM : The Network Model Service is started.
8/18/2024 3:50:07 PM : Press <Enter> to stop the service.
8/18/2024 3:51:08 PM : Starting Network Model Serivice...
8/18/2024 3:51:08 PM : Inserting entity with GID (0000000100000001).
8/18/2024 3:51:08 PM : Inserting entity with GID (0000000100000002).
8/18/2024 3:51:08 PM : Inserting entity with GID (0000000200000001).
8/18/2024 3:51:08 PM : Inserting entity with GID (0000000200000002).
8/18/2024 3:51:08 PM : Inserting entity with GID (0000000300000001).
8/18/2024 3:51:08 PM : Inserting entity with GID (0000000400000001).
8/18/2024 3:51:08 PM : Inserting entity with GID (0000000500000001).
8/18/2024 3:51:08 PM : Inserting entity with GID (0000000600000001).
8/18/2024 3:51:08 PM : Inserting entity with GID (0000000100000003).
8/18/2024 3:51:08 PM : Inserting entity with GID (0000000100000004).
8/18/2024 3:51:08 PM : Inserting entity with GID (0000000200000003).
8/18/2024 3:51:08 PM : Inserting entity with GID (0000000200000004).
8/18/2024 3:51:08 PM : Inserting entity with GID (0000000300000002).
8/18/2024 3:51:08 PM : Inserting entity with GID (0000000400000002).
8/18/2024 3:51:08 PM : Inserting entity with GID (0000000500000002).
8/18/2024 3:51:08 PM : Inserting entity with GID (0000000600000002).
8/18/2024 3:51:08 PM : Inserting entity with GID (0000000100000005).
8/18/2024 3:51:08 PM : Inserting entity with GID (0000000100000006).
8/18/2024 3:51:08 PM : Inserting entity with GID (0000000200000005).
8/18/2024 3:51:08 PM : Inserting entity with GID (0000000200000006).
8/18/2024 3:51:08 PM : Inserting entity with GID (0000000300000003).
8/18/2024 3:51:08 PM : Inserting entity with GID (0000000400000003).
8/18/2024 3:51:08 PM : Inserting entity with GID (0000000500000003).
8/18/2024 3:51:08 PM : Inserting entity with GID (0000000600000003).
8/18/2024 3:51:08 PM : Inserting entity with GID (0000000100000007).
8/18/2024 3:51:08 PM : Inserting entity with GID (0000000200000007).
8/18/2024 3:51:08 PM : Inserting entity with GID (0000000300000004).
8/18/2024 3:51:08 PM : Inserting entity with GID (0000000400000004).
8/18/2024 3:51:08 PM : Inserting entity with GID (0000000500000004).
8/18/2024 3:51:08 PM : Inserting entity with GID (0000000600000004).
8/18/2024 3:51:09 PM : The WCF service GenericDataAccess is ready.
8/18/2024 3:51:09 PM : Endpoints:
8/18/2024 3:51:09 PM : net.tcp://localhost:10000/NetworkModelService/GDA/
8/18/2024 3:51:09 PM : Connection string: ../NetworkModelData.data
8/18/2024 3:51:09 PM : Trace level: Info
8/18/2024 3:51:09 PM : The Network Model Service is started.
8/18/2024 3:51:09 PM : Press <Enter> to stop the service.
8/18/2024 3:51:43 PM : Getting values for resource with ID = 0x00000001ffffffff failed. Failed to get values for entity with GID = 0x00000001ffffffff. Entity  (GID = 0x00000001ffffffff) does not exist.
8/18/2024 3:52:42 PM : Starting Network Model Serivice...
8/18/2024 3:52:42 PM : Inserting entity with GID (0000000100000001).
8/18/2024 3:52:42 PM : Inserting entity with GID (0000000100000002).
8/18/2024 3:52:42 PM : Inserting entity with GID (0000000200000001).
8/18/2024 3:52:42 PM : Inserting entity with GID (0000000200000002).
8/18/2024 3:52:42 PM : Inserting entity with GID (0000000300000001).
8/18/2024 3:52:42 PM : Inserting entity with GID (0000000400000001).
8/18/2024 3:52:42 PM : Inserting entity with GID (0000000500000001).
8/18/2024 3:52:42 PM : Inserting entity with GID (0000000600000001).
8/18/2024 3:52:42 PM : Inserting entity with GID (0000000100000003).
8/18/2024 3:52:42 PM : Inserting entity with GID (0000000100000004).
8/18/2024 3:52:42 PM : Inserting entity with GID (0000000200000003).
8/18/2024 3:52:42 PM : Inserting entity with GID (0000000200000004).
8/18/2024 3:52:42 PM : Inserting entity with GID (0000000300000002).
8/18/2024 3:52:42 PM : Inserting entity with GID (0000000400000002).
8/18/2024 3:52:42 PM : Inserting entity with GID (0000000500000002).
8/18/2024 3:52:42 PM : Inserting entity with GID (0000000600000002).
8/18/2024 3:52:42 PM : Inserting entity with GID (0000000100000005).
8/18/2024 3:52:42 PM : Inserting entity with GID (0000000100000006).
8/18/2024 3:52:42 PM : Inserting entity with GID (0000000200000005).
8/18/2024 3:52:42 PM : Inserting entity with GID (0000000200000006).
8/18/2024 3:52:42 PM : Inserting entity with GID (0000000300000003).
8/18/2024 3:52:42 PM : Inserting entity with GID (0000000400000003).
8/18/2024 3:52:42 PM : Inserting entity with GID (0000000500000003).
8/18/2024 3:52:42 PM : Inserting entity with GID (0000000600000003).
8/18/2024 3:52:42 PM : Inserting entity with GID (0000000100000007).
8/18/2024 3:52:42 PM : Inserting entity with GID (0000000200000007).
8/18/2024 3:52:42 PM : Inserting entity with GID (0000000300000004).
8/18/2024 3:52:42 PM : Inserting entity with GID (0000000400000004).
8/18/2024 3:52:42 PM : Inserting entity with GID (0000000500000004).
8/18/2024 3:52:42 PM : Inserting entity with GID (0000000600000004).
8/18/2024 3:52:42 PM : The WCF service GenericDataAccess is ready.
8/18/2024 3:52:42 PM : Endpoints:
8/18/2024 3:52:42 PM : net.tcp://localhost:10000/NetworkModelService/GDA/
8/18/2024 3:52:42 PM : Connection string: ../NetworkModelData.data
8/18/2024 3:52:42 PM : Trace level: Info
8/18/2024 3:52:42 PM : The Network Model Service is started.
8/18/2024 3:52:42 PM : Press <Enter> to stop the service.
8/18/2024 3:53:21 PM : Getting values for resource with ID = 0x00000002ffffffff failed. Failed to get values for entity with GID = 0x00000002ffffffff. Entity  (GID = 0x00000002ffffffff) does not exist.
8/18/2024 3:57:09 PM : Starting Network Model Serivice...
8/18/2024 3:57:09 PM : Inserting entity with GID (0000000100000001).
8/18/2024 3:57:09 PM : Inserting entity with GID (0000000100000002).
8/18/2024 3:57:09 PM : Inserting entity with GID (0000000200000001).
8/18/2024 3:57:09 PM : Inserting entity with GID (0000000200000002).
8/18/2024 3:57:09 PM : Inserting entity with GID (0000000300000001).
8/18/2024 3:57:09 PM : Inserting entity with GID (0000000400000001).
8/18/2024 3:57:09 PM : Inserting entity with GID (0000000500000001).
8/18/2024 3:57:09 PM : Inserting entity with GID (0000000600000001).
8/18/2024 3:57:09 PM : Inserting entity with GID (0000000100000003).
8/18/2024 3:57:09 PM : Inserting entity with GID (0000000100000004).
8/18/2024 3:57:09 PM : Inserting entity with GID (0000000200000003).
8/18/2024 3:57:09 PM : Inserting entity with GID (0000000200000004).
8/18/2024 3:57:09 PM : Inserting entity with GID (0000000300000002).
8/18/2024 3:57:09 PM : Inserting entity with GID (0000000400000002).
8/18/2024 3:57:09 PM : Inserting entity with GID (0000000500000002).
8/18/2024 3:57:09 PM : Inserting entity with GID (0000000600000002).
8/18/2024 3:57:09 PM : Inserting entity with GID (0000000100000005).
8/18/2024 3:57:09 PM : Inserting entity with GID (0000000100000006).
8/18/2024 3:57:09 PM : Inserting entity with GID (0000000200000005).
8/18/2024 3:57:09 PM : Inserting entity with GID (0000000200000006).
8/18/2024 3:57:09 PM : Inserting entity with GID (0000000300000003).
8/18/2024 3:57:09 PM : Inserting entity with GID (0000000400000003).
8/18/2024 3:57:09 PM : Inserting entity with GID (0000000500000003).
8/18/2024 3:57:09 PM : Inserting entity with GID (0000000600000003).
8/18/2024 3:57:09 PM : Inserting entity with GID (0000000100000007).
8/18/2024 3:57:09 PM : Inserting entity with GID (0000000200000007).
8/18/2024 3:57:09 PM : Inserting entity with GID (0000000300000004).
8/18/2024 3:57:09 PM : Inserting entity with GID (0000000400000004).
8/18/2024 3:57:09 PM : Inserting entity with GID (0000000500000004).
8/18/2024 3:57:09 PM : Inserting entity with GID (0000000600000004).
8/18/2024 3:57:09 PM : The WCF service GenericDataAccess is ready.
8/18/2024 3:57:09 PM : Endpoints:
8/18/2024 3:57:09 PM : net.tcp://localhost:10000/NetworkModelService/GDA/
8/18/2024 3:57:09 PM : Connection string: ../NetworkModelData.data
8/18/2024 3:57:09 PM : Trace level: Info
8/18/2024 3:57:09 PM : The Network Model Service is started.
8/18/2024 3:57:09 PM : Press <Enter> to stop the service.
8/18/2024 4:02:03 PM : Starting Network Model Serivice...
8/18/2024 4:02:03 PM : Inserting entity with GID (0000000100000001).
8/18/2024 4:02:03 PM : Inserting entity with GID (0000000100000002).
8/18/2024 4:02:04 PM : Inserting entity with GID (0000000200000001).
8/18/2024 4:02:04 PM : Inserting entity with GID (0000000200000002).
8/18/2024 4:02:04 PM : Inserting entity with GID (0000000300000001).
8/18/2024 4:02:04 PM : Inserting entity with GID (0000000400000001).
8/18/2024 4:02:04 PM : Inserting entity with GID (0000000500000001).
8/18/2024 4:02:04 PM : Inserting entity with GID (0000000600000001).
8/18/2024 4:02:04 PM : Inserting entity with GID (0000000100000003).
8/18/2024 4:02:04 PM : Inserting entity with GID (0000000100000004).
8/18/2024 4:02:04 PM : Inserting entity with GID (0000000200000003).
8/18/2024 4:02:04 PM : Inserting entity with GID (0000000200000004).
8/18/2024 4:02:04 PM : Inserting entity with GID (0000000300000002).
8/18/2024 4:02:04 PM : Inserting entity with GID (0000000400000002).
8/18/2024 4:02:04 PM : Inserting entity with GID (0000000500000002).
8/18/2024 4:02:04 PM : Inserting entity with GID (0000000600000002).
8/18/2024 4:02:04 PM : Inserting entity with GID (0000000100000005).
8/18/2024 4:02:04 PM : Inserting entity with GID (0000000100000006).
8/18/2024 4:02:04 PM : Inserting entity with GID (0000000200000005).
8/18/2024 4:02:04 PM : Inserting entity with GID (0000000200000006).
8/18/2024 4:02:04 PM : Inserting entity with GID (0000000300000003).
8/18/2024 4:02:04 PM : Inserting entity with GID (0000000400000003).
8/18/2024 4:02:04 PM : Inserting entity with GID (0000000500000003).
8/18/2024 4:02:04 PM : Inserting entity with GID (0000000600000003).
8/18/2024 4:02:04 PM : Inserting entity with GID (0000000100000007).
8/18/2024 4:02:04 PM : Inserting entity with GID (0000000200000007).
8/18/2024 4:02:04 PM : Inserting entity with GID (0000000300000004).
8/18/2024 4:02:04 PM : Inserting entity with GID (0000000400000004).
8/18/2024 4:02:04 PM : Inserting entity with GID (0000000500000004).
8/18/2024 4:02:04 PM : Inserting entity with GID (0000000600000004).
8/18/2024 4:02:04 PM : The WCF service GenericDataAccess is ready.
8/18/2024 4:02:04 PM : Endpoints:
8/18/2024 4:02:04 PM : net.tcp://localhost:10000/NetworkModelService/GDA/
8/18/2024 4:02:04 PM : Connection string: ../NetworkModelData.data
8/18/2024 4:02:04 PM : Trace level: Info
8/18/2024 4:02:04 PM : The Network Model Service is started.
8/18/2024 4:02:04 PM : Press <Enter> to stop the service.
8/18/2024 4:02:07 PM : Applying  delta to network model.
8/18/2024 4:02:07 PM : Inserting entity with GID (0000000100000008).
8/18/2024 4:02:07 PM : Inserting entity with GID (0000000200000008).
8/18/2024 4:02:07 PM : Inserting entity with GID (0000000300000005).
8/18/2024 4:02:07 PM : Inserting entity with GID (0000000400000005).
8/18/2024 4:02:07 PM : Inserting entity with GID (0000000500000005).
8/18/2024 4:02:07 PM : Inserting entity with GID (0000000600000005).
8/18/2024 4:02:07 PM : Applying delta to network model successfully finished.
8/18/2024 4:02:30 PM : Starting Network Model Serivice...
8/18/2024 4:02:30 PM : Inserting entity with GID (0000000100000001).
8/18/2024 4:02:30 PM : Inserting entity with GID (0000000100000002).
8/18/2024 4:02:30 PM : Inserting entity with GID (0000000200000001).
8/18/2024 4:02:30 PM : Inserting entity with GID (0000000200000002).
8/18/2024 4:02:30 PM : Inserting entity with GID (0000000300000001).
8/18/2024 4:02:30 PM : Inserting entity with GID (0000000400000001).
8/18/2024 4:02:30 PM : Inserting entity with GID (0000000500000001).
8/18/2024 4:02:30 PM : Inserting entity with GID (0000000600000001).
8/18/2024 4:02:30 PM : Inserting entity with GID (0000000100000003).
8/18/2024 4:02:30 PM : Inserting entity with GID (0000000100000004).
8/18/2024 4:02:30 PM : Inserting entity with GID (0000000200000003).
8/18/2024 4:02:30 PM : Inserting entity with GID (0000000200000004).
8/18/2024 4:02:30 PM : Inserting entity with GID (0000000300000002).
8/18/2024 4:02:30 PM : Inserting entity with GID (0000000400000002).
8/18/2024 4:02:30 PM : Inserting entity with GID (0000000500000002).
8/18/2024 4:02:30 PM : Inserting entity with GID (0000000600000002).
8/18/2024 4:02:30 PM : Inserting entity with GID (0000000100000005).
8/18/2024 4:02:30 PM : Inserting entity with GID (0000000100000006).
8/18/2024 4:02:30 PM : Inserting entity with GID (0000000200000005).
8/18/2024 4:02:30 PM : Inserting entity with GID (0000000200000006).
8/18/2024 4:02:30 PM : Inserting entity with GID (0000000300000003).
8/18/2024 4:02:30 PM : Inserting entity with GID (0000000400000003).
8/18/2024 4:02:30 PM : Inserting entity with GID (0000000500000003).
8/18/2024 4:02:30 PM : Inserting entity with GID (0000000600000003).
8/18/2024 4:02:30 PM : Inserting entity with GID (0000000100000007).
8/18/2024 4:02:30 PM : Inserting entity with GID (0000000200000007).
8/18/2024 4:02:30 PM : Inserting entity with GID (0000000300000004).
8/18/2024 4:02:30 PM : Inserting entity with GID (0000000400000004).
8/18/2024 4:02:30 PM : Inserting entity with GID (0000000500000004).
8/18/2024 4:02:30 PM : Inserting entity with GID (0000000600000004).
8/18/2024 4:02:30 PM : Inserting entity with GID (0000000100000008).
8/18/2024 4:02:30 PM : Inserting entity with GID (0000000200000008).
8/18/2024 4:02:30 PM : Inserting entity with GID (0000000300000005).
8/18/2024 4:02:30 PM : Inserting entity with GID (0000000400000005).
8/18/2024 4:02:30 PM : Inserting entity with GID (0000000500000005).
8/18/2024 4:02:30 PM : Inserting entity with GID (0000000600000005).
8/18/2024 4:02:30 PM : The WCF service GenericDataAccess is ready.
8/18/2024 4:02:30 PM : Endpoints:
8/18/2024 4:02:30 PM : net.tcp://localhost:10000/NetworkModelService/GDA/
8/18/2024 4:02:30 PM : Connection string: ../NetworkModelData.data
8/18/2024 4:02:30 PM : Trace level: Info
8/18/2024 4:02:30 PM : The Network Model Service is started.
8/18/2024 4:02:30 PM : Press <Enter> to stop the service.
8/18/2024 4:03:24 PM : Starting Network Model Serivice...
8/18/2024 4:03:25 PM : Inserting entity with GID (0000000100000001).
8/18/2024 4:03:25 PM : Inserting entity with GID (0000000100000002).
8/18/2024 4:03:25 PM : Inserting entity with GID (0000000200000001).
8/18/2024 4:03:25 PM : Inserting entity with GID (0000000200000002).
8/18/2024 4:03:25 PM : Inserting entity with GID (0000000300000001).
8/18/2024 4:03:25 PM : Inserting entity with GID (0000000400000001).
8/18/2024 4:03:25 PM : Inserting entity with GID (0000000500000001).
8/18/2024 4:03:25 PM : Inserting entity with GID (0000000600000001).
8/18/2024 4:03:25 PM : Inserting entity with GID (0000000100000003).
8/18/2024 4:03:25 PM : Inserting entity with GID (0000000100000004).
8/18/2024 4:03:25 PM : Inserting entity with GID (0000000200000003).
8/18/2024 4:03:25 PM : Inserting entity with GID (0000000200000004).
8/18/2024 4:03:25 PM : Inserting entity with GID (0000000300000002).
8/18/2024 4:03:25 PM : Inserting entity with GID (0000000400000002).
8/18/2024 4:03:25 PM : Inserting entity with GID (0000000500000002).
8/18/2024 4:03:25 PM : Inserting entity with GID (0000000600000002).
8/18/2024 4:03:25 PM : Inserting entity with GID (0000000100000005).
8/18/2024 4:03:25 PM : Inserting entity with GID (0000000100000006).
8/18/2024 4:03:25 PM : Inserting entity with GID (0000000200000005).
8/18/2024 4:03:25 PM : Inserting entity with GID (0000000200000006).
8/18/2024 4:03:25 PM : Inserting entity with GID (0000000300000003).
8/18/2024 4:03:25 PM : Inserting entity with GID (0000000400000003).
8/18/2024 4:03:25 PM : Inserting entity with GID (0000000500000003).
8/18/2024 4:03:25 PM : Inserting entity with GID (0000000600000003).
8/18/2024 4:03:25 PM : Inserting entity with GID (0000000100000007).
8/18/2024 4:03:25 PM : Inserting entity with GID (0000000200000007).
8/18/2024 4:03:25 PM : Inserting entity with GID (0000000300000004).
8/18/2024 4:03:25 PM : Inserting entity with GID (0000000400000004).
8/18/2024 4:03:25 PM : Inserting entity with GID (0000000500000004).
8/18/2024 4:03:25 PM : Inserting entity with GID (0000000600000004).
8/18/2024 4:03:25 PM : Inserting entity with GID (0000000100000008).
8/18/2024 4:03:25 PM : Inserting entity with GID (0000000200000008).
8/18/2024 4:03:25 PM : Inserting entity with GID (0000000300000005).
8/18/2024 4:03:25 PM : Inserting entity with GID (0000000400000005).
8/18/2024 4:03:25 PM : Inserting entity with GID (0000000500000005).
8/18/2024 4:03:25 PM : Inserting entity with GID (0000000600000005).
8/18/2024 4:03:25 PM : The WCF service GenericDataAccess is ready.
8/18/2024 4:03:25 PM : Endpoints:
8/18/2024 4:03:25 PM : net.tcp://localhost:10000/NetworkModelService/GDA/
8/18/2024 4:03:25 PM : Connection string: ../NetworkModelData.data
8/18/2024 4:03:25 PM : Trace level: Info
8/18/2024 4:03:25 PM : The Network Model Service is started.
8/18/2024 4:03:25 PM : Press <Enter> to stop the service.
8/28/2024 3:51:28 PM : Starting Network Model Serivice...
8/28/2024 3:51:28 PM : Inserting entity with GID (0000000100000001).
8/28/2024 3:51:29 PM : Inserting entity with GID (0000000100000002).
8/28/2024 3:51:29 PM : Inserting entity with GID (0000000200000001).
8/28/2024 3:51:29 PM : Inserting entity with GID (0000000200000002).
8/28/2024 3:51:29 PM : Inserting entity with GID (0000000300000001).
8/28/2024 3:51:29 PM : Inserting entity with GID (0000000400000001).
8/28/2024 3:51:29 PM : Inserting entity with GID (0000000500000001).
8/28/2024 3:51:29 PM : Inserting entity with GID (0000000600000001).
8/28/2024 3:51:29 PM : Inserting entity with GID (0000000100000003).
8/28/2024 3:51:29 PM : Inserting entity with GID (0000000100000004).
8/28/2024 3:51:29 PM : Inserting entity with GID (0000000200000003).
8/28/2024 3:51:29 PM : Inserting entity with GID (0000000200000004).
8/28/2024 3:51:29 PM : Inserting entity with GID (0000000300000002).
8/28/2024 3:51:29 PM : Inserting entity with GID (0000000400000002).
8/28/2024 3:51:29 PM : Inserting entity with GID (0000000500000002).
8/28/2024 3:51:29 PM : Inserting entity with GID (0000000600000002).
8/28/2024 3:51:29 PM : Inserting entity with GID (0000000100000005).
8/28/2024 3:51:29 PM : Inserting entity with GID (0000000100000006).
8/28/2024 3:51:29 PM : Inserting entity with GID (0000000200000005).
8/28/2024 3:51:29 PM : Inserting entity with GID (0000000200000006).
8/28/2024 3:51:29 PM : Inserting entity with GID (0000000300000003).
8/28/2024 3:51:29 PM : Inserting entity with GID (0000000400000003).
8/28/2024 3:51:29 PM : Inserting entity with GID (0000000500000003).
8/28/2024 3:51:29 PM : Inserting entity with GID (0000000600000003).
8/28/2024 3:51:29 PM : Inserting entity with GID (0000000100000007).
8/28/2024 3:51:29 PM : Inserting entity with GID (0000000200000007).
8/28/2024 3:51:29 PM : Inserting entity with GID (0000000300000004).
8/28/2024 3:51:29 PM : Inserting entity with GID (0000000400000004).
8/28/2024 3:51:29 PM : Inserting entity with GID (0000000500000004).
8/28/2024 3:51:29 PM : Inserting entity with GID (0000000600000004).
8/28/2024 3:51:29 PM : Inserting entity with GID (0000000100000008).
8/28/2024 3:51:29 PM : Inserting entity with GID (0000000200000008).
8/28/2024 3:51:29 PM : Inserting entity with GID (0000000300000005).
8/28/2024 3:51:29 PM : Inserting entity with GID (0000000400000005).
8/28/2024 3:51:29 PM : Inserting entity with GID (0000000500000005).
8/28/2024 3:51:29 PM : Inserting entity with GID (0000000600000005).
8/28/2024 3:51:29 PM : The WCF service GenericDataAccess is ready.
8/28/2024 3:51:29 PM : Endpoints:
8/28/2024 3:51:29 PM : net.tcp://localhost:10000/NetworkModelService/GDA/
8/28/2024 3:51:29 PM : Connection string: ../NetworkModelData.data
8/28/2024 3:51:30 PM : Trace level: Info
8/28/2024 3:51:30 PM : The Network Model Service is started.
8/28/2024 3:51:30 PM : Press <Enter> to stop the service.
8/28/2024 3:53:39 PM : Starting Network Model Serivice...
8/28/2024 3:53:40 PM : Inserting entity with GID (0000000100000001).
8/28/2024 3:53:40 PM : Inserting entity with GID (0000000100000002).
8/28/2024 3:53:40 PM : Inserting entity with GID (0000000200000001).
8/28/2024 3:53:40 PM : Inserting entity with GID (0000000200000002).
8/28/2024 3:53:40 PM : Inserting entity with GID (0000000300000001).
8/28/2024 3:53:40 PM : Inserting entity with GID (0000000400000001).
8/28/2024 3:53:40 PM : Inserting entity with GID (0000000500000001).
8/28/2024 3:53:40 PM : Inserting entity with GID (0000000600000001).
8/28/2024 3:53:40 PM : Inserting entity with GID (0000000100000003).
8/28/2024 3:53:40 PM : Inserting entity with GID (0000000100000004).
8/28/2024 3:53:40 PM : Inserting entity with GID (0000000200000003).
8/28/2024 3:53:40 PM : Inserting entity with GID (0000000200000004).
8/28/2024 3:53:40 PM : Inserting entity with GID (0000000300000002).
8/28/2024 3:53:40 PM : Inserting entity with GID (0000000400000002).
8/28/2024 3:53:40 PM : Inserting entity with GID (0000000500000002).
8/28/2024 3:53:40 PM : Inserting entity with GID (0000000600000002).
8/28/2024 3:53:40 PM : Inserting entity with GID (0000000100000005).
8/28/2024 3:53:40 PM : Inserting entity with GID (0000000100000006).
8/28/2024 3:53:40 PM : Inserting entity with GID (0000000200000005).
8/28/2024 3:53:40 PM : Inserting entity with GID (0000000200000006).
8/28/2024 3:53:40 PM : Inserting entity with GID (0000000300000003).
8/28/2024 3:53:40 PM : Inserting entity with GID (0000000400000003).
8/28/2024 3:53:40 PM : Inserting entity with GID (0000000500000003).
8/28/2024 3:53:40 PM : Inserting entity with GID (0000000600000003).
8/28/2024 3:53:40 PM : Inserting entity with GID (0000000100000007).
8/28/2024 3:53:40 PM : Inserting entity with GID (0000000200000007).
8/28/2024 3:53:40 PM : Inserting entity with GID (0000000300000004).
8/28/2024 3:53:40 PM : Inserting entity with GID (0000000400000004).
8/28/2024 3:53:40 PM : Inserting entity with GID (0000000500000004).
8/28/2024 3:53:40 PM : Inserting entity with GID (0000000600000004).
8/28/2024 3:53:40 PM : Inserting entity with GID (0000000100000008).
8/28/2024 3:53:40 PM : Inserting entity with GID (0000000200000008).
8/28/2024 3:53:40 PM : Inserting entity with GID (0000000300000005).
8/28/2024 3:53:40 PM : Inserting entity with GID (0000000400000005).
8/28/2024 3:53:40 PM : Inserting entity with GID (0000000500000005).
8/28/2024 3:53:40 PM : Inserting entity with GID (0000000600000005).
8/28/2024 3:53:40 PM : The WCF service GenericDataAccess is ready.
8/28/2024 3:53:40 PM : Endpoints:
8/28/2024 3:53:40 PM : net.tcp://localhost:10000/NetworkModelService/GDA/
8/28/2024 3:53:40 PM : Connection string: ../NetworkModelData.data
8/28/2024 3:53:40 PM : Trace level: Info
8/28/2024 3:53:40 PM : The Network Model Service is started.
8/28/2024 3:53:40 PM : Press <Enter> to stop the service.
8/28/2024 3:57:19 PM : Starting Network Model Serivice...
8/28/2024 3:57:19 PM : Inserting entity with GID (0000000100000001).
8/28/2024 3:57:19 PM : Inserting entity with GID (0000000100000002).
8/28/2024 3:57:19 PM : Inserting entity with GID (0000000200000001).
8/28/2024 3:57:19 PM : Inserting entity with GID (0000000200000002).
8/28/2024 3:57:19 PM : Inserting entity with GID (0000000300000001).
8/28/2024 3:57:19 PM : Inserting entity with GID (0000000400000001).
8/28/2024 3:57:19 PM : Inserting entity with GID (0000000500000001).
8/28/2024 3:57:19 PM : Inserting entity with GID (0000000600000001).
8/28/2024 3:57:19 PM : Inserting entity with GID (0000000100000003).
8/28/2024 3:57:19 PM : Inserting entity with GID (0000000100000004).
8/28/2024 3:57:19 PM : Inserting entity with GID (0000000200000003).
8/28/2024 3:57:19 PM : Inserting entity with GID (0000000200000004).
8/28/2024 3:57:19 PM : Inserting entity with GID (0000000300000002).
8/28/2024 3:57:19 PM : Inserting entity with GID (0000000400000002).
8/28/2024 3:57:19 PM : Inserting entity with GID (0000000500000002).
8/28/2024 3:57:19 PM : Inserting entity with GID (0000000600000002).
8/28/2024 3:57:19 PM : Inserting entity with GID (0000000100000005).
8/28/2024 3:57:19 PM : Inserting entity with GID (0000000100000006).
8/28/2024 3:57:19 PM : Inserting entity with GID (0000000200000005).
8/28/2024 3:57:19 PM : Inserting entity with GID (0000000200000006).
8/28/2024 3:57:19 PM : Inserting entity with GID (0000000300000003).
8/28/2024 3:57:19 PM : Inserting entity with GID (0000000400000003).
8/28/2024 3:57:19 PM : Inserting entity with GID (0000000500000003).
8/28/2024 3:57:19 PM : Inserting entity with GID (0000000600000003).
8/28/2024 3:57:19 PM : Inserting entity with GID (0000000100000007).
8/28/2024 3:57:19 PM : Inserting entity with GID (0000000200000007).
8/28/2024 3:57:19 PM : Inserting entity with GID (0000000300000004).
8/28/2024 3:57:19 PM : Inserting entity with GID (0000000400000004).
8/28/2024 3:57:19 PM : Inserting entity with GID (0000000500000004).
8/28/2024 3:57:19 PM : Inserting entity with GID (0000000600000004).
8/28/2024 3:57:19 PM : Inserting entity with GID (0000000100000008).
8/28/2024 3:57:19 PM : Inserting entity with GID (0000000200000008).
8/28/2024 3:57:19 PM : Inserting entity with GID (0000000300000005).
8/28/2024 3:57:19 PM : Inserting entity with GID (0000000400000005).
8/28/2024 3:57:19 PM : Inserting entity with GID (0000000500000005).
8/28/2024 3:57:19 PM : Inserting entity with GID (0000000600000005).
8/28/2024 3:57:20 PM : The WCF service GenericDataAccess is ready.
8/28/2024 3:57:20 PM : Endpoints:
8/28/2024 3:57:20 PM : net.tcp://localhost:10000/NetworkModelService/GDA/
8/28/2024 3:57:20 PM : Connection string: ../NetworkModelData.data
8/28/2024 3:57:20 PM : Trace level: Info
8/28/2024 3:57:20 PM : The Network Model Service is started.
8/28/2024 3:57:20 PM : Press <Enter> to stop the service.
8/28/2024 3:57:25 PM : Applying  delta to network model.
8/28/2024 3:57:26 PM : Inserting entity with GID (0000000100000009).
8/28/2024 3:57:26 PM : Inserting entity with GID (0000000200000009).
8/28/2024 3:57:26 PM : Inserting entity with GID (0000000300000006).
8/28/2024 3:57:26 PM : Inserting entity with GID (0000000400000006).
8/28/2024 3:57:26 PM : Inserting entity with GID (0000000500000006).
8/28/2024 3:57:26 PM : Inserting entity with GID (0000000600000006).
8/28/2024 3:57:26 PM : Applying delta to network model successfully finished.
8/28/2024 3:57:30 PM : Applying  delta to network model.
8/28/2024 3:57:30 PM : Inserting entity with GID (000000010000000a).
8/28/2024 3:57:30 PM : Inserting entity with GID (000000020000000a).
8/28/2024 3:57:30 PM : Inserting entity with GID (0000000300000007).
8/28/2024 3:57:30 PM : Inserting entity with GID (0000000400000007).
8/28/2024 3:57:30 PM : Inserting entity with GID (0000000500000007).
8/28/2024 3:57:30 PM : Inserting entity with GID (0000000600000007).
8/28/2024 3:57:30 PM : Applying delta to network model successfully finished.
8/28/2024 3:58:25 PM : Starting Network Model Serivice...
8/28/2024 3:58:25 PM : Inserting entity with GID (0000000100000001).
8/28/2024 3:58:25 PM : Inserting entity with GID (0000000100000002).
8/28/2024 3:58:25 PM : Inserting entity with GID (0000000200000001).
8/28/2024 3:58:25 PM : Inserting entity with GID (0000000200000002).
8/28/2024 3:58:25 PM : Inserting entity with GID (0000000300000001).
8/28/2024 3:58:25 PM : Inserting entity with GID (0000000400000001).
8/28/2024 3:58:25 PM : Inserting entity with GID (0000000500000001).
8/28/2024 3:58:25 PM : Inserting entity with GID (0000000600000001).
8/28/2024 3:58:25 PM : Inserting entity with GID (0000000100000003).
8/28/2024 3:58:25 PM : Inserting entity with GID (0000000100000004).
8/28/2024 3:58:25 PM : Inserting entity with GID (0000000200000003).
8/28/2024 3:58:25 PM : Inserting entity with GID (0000000200000004).
8/28/2024 3:58:26 PM : Inserting entity with GID (0000000300000002).
8/28/2024 3:58:26 PM : Inserting entity with GID (0000000400000002).
8/28/2024 3:58:26 PM : Inserting entity with GID (0000000500000002).
8/28/2024 3:58:26 PM : Inserting entity with GID (0000000600000002).
8/28/2024 3:58:26 PM : Inserting entity with GID (0000000100000005).
8/28/2024 3:58:26 PM : Inserting entity with GID (0000000100000006).
8/28/2024 3:58:26 PM : Inserting entity with GID (0000000200000005).
8/28/2024 3:58:26 PM : Inserting entity with GID (0000000200000006).
8/28/2024 3:58:26 PM : Inserting entity with GID (0000000300000003).
8/28/2024 3:58:26 PM : Inserting entity with GID (0000000400000003).
8/28/2024 3:58:26 PM : Inserting entity with GID (0000000500000003).
8/28/2024 3:58:26 PM : Inserting entity with GID (0000000600000003).
8/28/2024 3:58:26 PM : Inserting entity with GID (0000000100000007).
8/28/2024 3:58:26 PM : Inserting entity with GID (0000000200000007).
8/28/2024 3:58:26 PM : Inserting entity with GID (0000000300000004).
8/28/2024 3:58:26 PM : Inserting entity with GID (0000000400000004).
8/28/2024 3:58:26 PM : Inserting entity with GID (0000000500000004).
8/28/2024 3:58:26 PM : Inserting entity with GID (0000000600000004).
8/28/2024 3:58:26 PM : Inserting entity with GID (0000000100000008).
8/28/2024 3:58:26 PM : Inserting entity with GID (0000000200000008).
8/28/2024 3:58:26 PM : Inserting entity with GID (0000000300000005).
8/28/2024 3:58:26 PM : Inserting entity with GID (0000000400000005).
8/28/2024 3:58:26 PM : Inserting entity with GID (0000000500000005).
8/28/2024 3:58:26 PM : Inserting entity with GID (0000000600000005).
8/28/2024 3:58:26 PM : Inserting entity with GID (0000000100000009).
8/28/2024 3:58:26 PM : Inserting entity with GID (0000000200000009).
8/28/2024 3:58:26 PM : Inserting entity with GID (0000000300000006).
8/28/2024 3:58:26 PM : Inserting entity with GID (0000000400000006).
8/28/2024 3:58:26 PM : Inserting entity with GID (0000000500000006).
8/28/2024 3:58:26 PM : Inserting entity with GID (0000000600000006).
8/28/2024 3:58:26 PM : Inserting entity with GID (000000010000000a).
8/28/2024 3:58:26 PM : Inserting entity with GID (000000020000000a).
8/28/2024 3:58:26 PM : Inserting entity with GID (0000000300000007).
8/28/2024 3:58:26 PM : Inserting entity with GID (0000000400000007).
8/28/2024 3:58:26 PM : Inserting entity with GID (0000000500000007).
8/28/2024 3:58:26 PM : Inserting entity with GID (0000000600000007).
8/28/2024 3:58:26 PM : The WCF service GenericDataAccess is ready.
8/28/2024 3:58:26 PM : Endpoints:
8/28/2024 3:58:26 PM : net.tcp://localhost:10000/NetworkModelService/GDA/
8/28/2024 3:58:26 PM : Connection string: ../NetworkModelData.data
8/28/2024 3:58:26 PM : Trace level: Info
8/28/2024 3:58:26 PM : The Network Model Service is started.
8/28/2024 3:58:26 PM : Press <Enter> to stop the service.
